<?xml version="1.0" encoding="UTF-8"?>
<testsuites name="JiraTestSuite" time="2.817" tests="1" failures="0" errors="0">
   <testsuite name="JiraTestSuite" tests="1" failures="0" errors="0" time="2.817" timestamp="2020-08-17 19:54:19" hostname="sujodey - host.docker.internal" id="Test Suites/JiraTestSuite/JiraTestSuite">
      <properties>
         <property name="deviceName" value=""/>
         <property name="devicePlatform" value=""/>
         <property name="logFolder" value="C:\\Users\\sujodey\\Katalon Studio\\MuleApiTest\\Reports\\20200817_195415\\JiraTestSuite\\JiraTestSuite\\20200817_195415"/>
         <property name="logFiles" value="C:\\Users\\sujodey\\Katalon Studio\\MuleApiTest\\Reports\\20200817_195415\\JiraTestSuite\\JiraTestSuite\\20200817_195415\\execution0.log"/>
         <property name="attachments" value=""/>
         <property name="hostName" value="sujodey - host.docker.internal"/>
         <property name="hostAddress" value="192.168.1.5"/>
         <property name="os" value="Windows 10 64bit"/>
         <property name="katalonVersion" value="7.6.2.205"/>
      </properties>
      <testcase name="Test Cases/JiraTestCase/JiraApiTest" time="2.41" classname="Test Cases/JiraTestCase/JiraApiTest" status="PASSED">
         <system-out><![CDATA[2020-08-17 19:54:19 - [TEST_CASE][PASSED] - Test Cases/JiraTestCase/JiraApiTest: Test Cases/JiraTestCase/JiraApiTest

2020-08-17 19:54:19 - [TEST_STEP][PASSED] - response = sendRequest(findTestObject("User/HitTheApi")): Send request successfully

2020-08-17 19:54:21 - [MESSAGE][INFO] - HAR: C:\Users\sujodey\Katalon Studio\MuleApiTest\Reports\20200817_195415\JiraTestSuite\JiraTestSuite\20200817_195415\requests\main\0.har

2020-08-17 19:54:21 - [MESSAGE][PASSED] - Send request successfully

2020-08-17 19:54:21 - [TEST_STEP][PASSED] - verifyResponseStatusCode(response, 200): Verify response status code successfully

2020-08-17 19:54:21 - [MESSAGE][PASSED] - Verify response status code successfully]]></system-out>
         <system-err><![CDATA[]]></system-err>
      </testcase>
      <system-out><![CDATA[2020-08-17 19:54:19 - [TEST_SUITE][PASSED] - JiraTestSuite: Test Cases/JiraTestCase/JiraApiTest]]></system-out>
      <system-err><![CDATA[]]></system-err>
   </testsuite>
</testsuites>
